<?xml version="1.0" encoding="UTF-8"?>
<!-- Generated by org.testng.reporters.JUnitXMLReporter -->
<testsuite ignored="0" hostname="DESKTOP-RTK0H88" failures="0" tests="6" name="Default test" time="17.733" errors="0" timestamp="2022-08-23T19:40:27 PDT">
  <testcase classname="com.qc.tests.RegisterTest" name="doRegister" time="0.373"/>
  <testcase classname="com.qc.tests.RegisterTest" name="doRegister" time="0.567"/>
  <testcase classname="com.qc.tests.RegisterTest" name="doRegister" time="0.443"/>
  <testcase classname="com.qc.tests.RegisterTest" name="doRegister" time="0.407"/>
  <testcase classname="com.qc.tests.RegisterTest" name="doRegister" time="0.445"/>
  <testcase classname="com.qc.tests.RegisterTest" name="doRegister" time="0.537"/>
</testsuite> <!-- Default test -->
