<?xml version="1.0" encoding="UTF-8"?>
<!-- Generated by org.testng.reporters.JUnitXMLReporter -->
<testsuite ignored="0" hostname="DESKTOP-RTK0H88" failures="0" tests="13" name="Test" time="36.793" errors="0" timestamp="2022-08-23T22:01:26 PDT">
  <testcase classname="com.qc.tests.Testlogin" name="dologin" time="0.253"/>
  <testcase classname="com.qc.tests.Testlogin" name="dologin" time="0.192"/>
  <testcase classname="com.qc.tests.Testlogin" name="dologin" time="0.257"/>
  <testcase classname="com.qc.tests.Testlogin" name="dologin" time="0.241"/>
  <testcase classname="com.qc.tests.Testlogin" name="dologin" time="0.237"/>
  <testcase classname="com.qc.tests.Testlogin" name="dologin" time="0.236"/>
  <testcase classname="com.qc.tests.Testlogin" name="dologin" time="2.595"/>
  <testcase classname="com.qc.tests.RegisterTest" name="doRegister" time="0.368"/>
  <testcase classname="com.qc.tests.RegisterTest" name="doRegister" time="0.391"/>
  <testcase classname="com.qc.tests.RegisterTest" name="doRegister" time="0.376"/>
  <testcase classname="com.qc.tests.RegisterTest" name="doRegister" time="0.427"/>
  <testcase classname="com.qc.tests.RegisterTest" name="doRegister" time="0.434"/>
  <testcase classname="com.qc.tests.RegisterTest" name="doRegister" time="0.398"/>
</testsuite> <!-- Test -->
