<?xml version="1.0" encoding="UTF-8"?>
<!-- Generated by org.testng.reporters.JUnitXMLReporter -->
<testsuite ignored="0" hostname="DESKTOP-RTK0H88" failures="0" tests="1" name="Command line test" time="0.074" errors="0" timestamp="2022-08-22T00:02:52 PDT">
  <testcase classname="com.qc.test.BaseIntegration" name="@BeforeSuite dosetup" time="0.032">
    <failure type="java.lang.NullPointerException" message="Cannot invoke &amp;quot;org.openqa.selenium.WebDriver.get(String)&amp;quot; because &amp;quot;this.driver&amp;quot; is null">
      <![CDATA[java.lang.NullPointerException: Cannot invoke "org.openqa.selenium.WebDriver.get(String)" because "this.driver" is null
at com.qc.test.BaseIntegration.dosetup(BaseIntegration.java:28)
... Removed 29 stack frames]]>
    </failure>
  </testcase> <!-- @BeforeSuite dosetup -->
  <testcase classname="com.qc.test.Testlogin" name="@BeforeMethod locator" time="0.0">
    <skipped/>
  </testcase> <!-- @BeforeMethod locator -->
  <testcase classname="com.qc.test.Testlogin" name="dologin" time="0.0">
    <skipped/>
  </testcase> <!-- dologin -->
</testsuite> <!-- Command line test -->
